[debug] [2020-05-15T08:15:36.348Z] ----------------------------------------------------------------------
[debug] [2020-05-15T08:15:36.349Z] Command:       /usr/local/Cellar/node/14.2.0/bin/node /usr/local/bin/firebase deploy --only hosting
[debug] [2020-05-15T08:15:36.350Z] CLI Version:   8.2.0
[debug] [2020-05-15T08:15:36.350Z] Platform:      darwin
[debug] [2020-05-15T08:15:36.350Z] Node Version:  v14.2.0
[debug] [2020-05-15T08:15:36.351Z] Time:          Fri May 15 2020 17:15:36 GMT+0900 (Japan Standard Time)
[debug] [2020-05-15T08:15:36.351Z] ----------------------------------------------------------------------
[debug] [2020-05-15T08:15:36.351Z] 
[debug] [2020-05-15T08:15:36.357Z] > command requires scopes: ["email","openid","https://www.googleapis.com/auth/cloudplatformprojects.readonly","https://www.googleapis.com/auth/firebase","https://www.googleapis.com/auth/cloud-platform"]
[debug] [2020-05-15T08:15:36.357Z] > authorizing via signed-in user
[debug] [2020-05-15T08:15:36.357Z] [iam] checking project planning-poker-46 for permissions ["firebase.projects.get","firebasehosting.sites.update"]
[debug] [2020-05-15T08:15:36.359Z] >>> HTTP REQUEST POST https://cloudresourcemanager.googleapis.com/v1/projects/planning-poker-46:testIamPermissions  
 {"permissions":["firebase.projects.get","firebasehosting.sites.update"]}
[debug] [2020-05-15T08:15:37.262Z] <<< HTTP RESPONSE 200 {"content-type":"application/json; charset=UTF-8","vary":"X-Origin, Referer, Origin,Accept-Encoding","date":"Fri, 15 May 2020 08:15:37 GMT","server":"ESF","cache-control":"private","x-xss-protection":"0","x-frame-options":"SAMEORIGIN","x-content-type-options":"nosniff","server-timing":"gfet4t7; dur=723","alt-svc":"h3-27=\":443\"; ma=2592000,h3-25=\":443\"; ma=2592000,h3-T050=\":443\"; ma=2592000,h3-Q050=\":443\"; ma=2592000,h3-Q049=\":443\"; ma=2592000,h3-Q048=\":443\"; ma=2592000,h3-Q046=\":443\"; ma=2592000,h3-Q043=\":443\"; ma=2592000,quic=\":443\"; ma=2592000; v=\"46,43\"","accept-ranges":"none","transfer-encoding":"chunked"}
[debug] [2020-05-15T08:15:37.265Z] >>> HTTP REQUEST GET https://firebase.googleapis.com/v1beta1/projects/planning-poker-46  
 
[debug] [2020-05-15T08:15:38.009Z] <<< HTTP RESPONSE 200 {"content-type":"application/json; charset=UTF-8","vary":"X-Origin, Referer, Origin,Accept-Encoding","date":"Fri, 15 May 2020 08:15:37 GMT","server":"ESF","cache-control":"private","x-xss-protection":"0","x-frame-options":"SAMEORIGIN","x-content-type-options":"nosniff","alt-svc":"h3-27=\":443\"; ma=2592000,h3-25=\":443\"; ma=2592000,h3-T050=\":443\"; ma=2592000,h3-Q050=\":443\"; ma=2592000,h3-Q049=\":443\"; ma=2592000,h3-Q048=\":443\"; ma=2592000,h3-Q046=\":443\"; ma=2592000,h3-Q043=\":443\"; ma=2592000,quic=\":443\"; ma=2592000; v=\"46,43\"","accept-ranges":"none","transfer-encoding":"chunked"}
[info] 
[info] === Deploying to 'planning-poker-46'...
[info] 
[info] i  deploying hosting
[debug] [2020-05-15T08:15:39.795Z] >>> HTTP REQUEST POST https://firebasehosting.googleapis.com/v1beta1/sites/planning-poker-46/versions  
 {"config":{"rewrites":[{"glob":"**","path":"/index.html"}]},"labels":{"deployment-tool":"cli-firebase"}}
[debug] [2020-05-15T08:15:41.219Z] <<< HTTP RESPONSE 200 {"content-type":"application/json; charset=UTF-8","vary":"X-Origin, Referer, Origin,Accept-Encoding","date":"Fri, 15 May 2020 08:15:41 GMT","server":"ESF","cache-control":"private","x-xss-protection":"0","x-frame-options":"SAMEORIGIN","x-content-type-options":"nosniff","alt-svc":"h3-27=\":443\"; ma=2592000,h3-25=\":443\"; ma=2592000,h3-T050=\":443\"; ma=2592000,h3-Q050=\":443\"; ma=2592000,h3-Q049=\":443\"; ma=2592000,h3-Q048=\":443\"; ma=2592000,h3-Q046=\":443\"; ma=2592000,h3-Q043=\":443\"; ma=2592000,quic=\":443\"; ma=2592000; v=\"46,43\"","accept-ranges":"none","transfer-encoding":"chunked"}
[info] i  hosting[planning-poker-46]: beginning deploy...
[info] i  hosting[planning-poker-46]: found 27 files in build
[debug] [2020-05-15T08:15:41.587Z] [hosting] hash cache [YnVpbGQ] stored for 27 files
[debug] [2020-05-15T08:15:41.588Z] [hosting][hash queue][FINAL] {"max":352,"min":12,"avg":34.22222222222222,"active":0,"complete":27,"success":27,"errored":0,"retried":0,"total":27,"elapsed":360}
[debug] [2020-05-15T08:15:41.588Z] >>> HTTP REQUEST POST https://firebasehosting.googleapis.com/v1beta1/sites/planning-poker-46/versions/f1d1eef2fbe678a0:populateFiles  
 <request body omitted>
[debug] [2020-05-15T08:15:42.132Z] <<< HTTP RESPONSE 200 {"content-type":"application/json; charset=UTF-8","vary":"X-Origin, Referer, Origin,Accept-Encoding","date":"Fri, 15 May 2020 08:15:42 GMT","server":"ESF","cache-control":"private","x-xss-protection":"0","x-frame-options":"SAMEORIGIN","x-content-type-options":"nosniff","alt-svc":"h3-27=\":443\"; ma=2592000,h3-25=\":443\"; ma=2592000,h3-T050=\":443\"; ma=2592000,h3-Q050=\":443\"; ma=2592000,h3-Q049=\":443\"; ma=2592000,h3-Q048=\":443\"; ma=2592000,h3-Q046=\":443\"; ma=2592000,h3-Q043=\":443\"; ma=2592000,quic=\":443\"; ma=2592000; v=\"46,43\"","accept-ranges":"none","transfer-encoding":"chunked"}
[debug] [2020-05-15T08:15:42.135Z] [hosting][populate queue][FINAL] {"max":547,"min":547,"avg":547,"active":0,"complete":1,"success":1,"errored":0,"retried":0,"total":1,"elapsed":549}
[debug] [2020-05-15T08:15:42.135Z] [hosting] uploads queued: 6
[debug] [2020-05-15T08:15:43.973Z] [hosting][upload queue][FINAL] {"max":1840,"min":1604,"avg":1702.3333333333333,"active":0,"complete":6,"success":6,"errored":0,"retried":0,"total":6,"elapsed":1840}
[info] ✔  hosting[planning-poker-46]: file upload complete
[debug] [2020-05-15T08:15:43.974Z] [hosting] deploy completed after 2754ms
[debug] [2020-05-15T08:15:43.974Z] [
  {
    "config": {
      "public": "build",
      "ignore": [
        "firebase.json",
        "**/.*",
        "**/node_modules/**"
      ],
      "rewrites": [
        {
          "source": "**",
          "destination": "/index.html"
        }
      ],
      "site": "planning-poker-46"
    },
    "site": "planning-poker-46",
    "version": "sites/planning-poker-46/versions/f1d1eef2fbe678a0"
  }
]
[info] i  hosting[planning-poker-46]: finalizing version...
[debug] [2020-05-15T08:15:43.975Z] >>> HTTP REQUEST PATCH https://firebasehosting.googleapis.com/v1beta1/sites/planning-poker-46/versions/f1d1eef2fbe678a0?updateMask=status  
 {"status":"FINALIZED"}
[debug] [2020-05-15T08:15:45.171Z] <<< HTTP RESPONSE 200 {"content-type":"application/json; charset=UTF-8","vary":"X-Origin, Referer, Origin,Accept-Encoding","date":"Fri, 15 May 2020 08:15:45 GMT","server":"ESF","cache-control":"private","x-xss-protection":"0","x-frame-options":"SAMEORIGIN","x-content-type-options":"nosniff","alt-svc":"h3-27=\":443\"; ma=2592000,h3-25=\":443\"; ma=2592000,h3-T050=\":443\"; ma=2592000,h3-Q050=\":443\"; ma=2592000,h3-Q049=\":443\"; ma=2592000,h3-Q048=\":443\"; ma=2592000,h3-Q046=\":443\"; ma=2592000,h3-Q043=\":443\"; ma=2592000,quic=\":443\"; ma=2592000; v=\"46,43\"","accept-ranges":"none","transfer-encoding":"chunked"}
[debug] [2020-05-15T08:15:45.172Z] [hosting] finalized version for planning-poker-46: {"name":"sites/planning-poker-46/versions/f1d1eef2fbe678a0","status":"FINALIZED","config":{"rewrites":[{"glob":"**","path":"/index.html"}]},"labels":{"deployment-tool":"cli-firebase"},"createTime":"2020-05-15T08:15:40.762111Z","createUser":{"email":"yshr446@gmail.com"},"finalizeTime":"2020-05-15T08:15:44.979613Z","finalizeUser":{"email":"yshr446@gmail.com"}}
[info] ✔  hosting[planning-poker-46]: version finalized
[info] i  hosting[planning-poker-46]: releasing new version...
[debug] [2020-05-15T08:15:45.173Z] >>> HTTP REQUEST POST https://firebasehosting.googleapis.com/v1beta1/sites/planning-poker-46/releases?version_name=sites/planning-poker-46/versions/f1d1eef2fbe678a0  
 {"message":null}
